#
# There is insufficient memory for the Java Runtime Environment to continue.
# Native memory allocation (malloc) failed to allocate 32744 bytes. Error detail: Chunk::new
# Possible reasons:
#   The system is out of physical RAM or swap space
#   This process is running with CompressedOops enabled, and the Java Heap may be blocking the growth of the native heap
# Possible solutions:
#   Reduce memory load on the system
#   Increase physical memory or swap space
#   Check if swap backing store is full
#   Decrease Java heap size (-Xmx/-Xms)
#   Decrease number of Java threads
#   Decrease Java thread stack sizes (-Xss)
#   Set larger code cache with -XX:ReservedCodeCacheSize=
#   JVM is running with Unscaled Compressed Oops mode in which the Java heap is
#     placed in the first 4GB address space. The Java Heap base address is the
#     maximum limit for the native heap growth. Please use -XX:HeapBaseMinAddress
#     to set the Java Heap base and to place the Java Heap above 4GB virtual address.
# This output file may be truncated or incomplete.
#
#  Out of Memory Error (arena.cpp:168), pid=8404, tid=21088
#
# JRE version: OpenJDK Runtime Environment Temurin-21.0.6+7 (21.0.6+7) (build 21.0.6+7-LTS)
# Java VM: OpenJDK 64-Bit Server VM Temurin-21.0.6+7 (21.0.6+7-LTS, mixed mode, sharing, tiered, compressed oops, compressed class ptrs, parallel gc, windows-amd64)
# No core dump will be written. Minidumps are not enabled by default on client versions of Windows
#

---------------  S U M M A R Y ------------

Command Line: --add-modules=ALL-SYSTEM --add-opens=java.base/java.util=ALL-UNNAMED --add-opens=java.base/java.lang=ALL-UNNAMED --add-opens=java.base/sun.nio.fs=ALL-UNNAMED -Declipse.application=org.eclipse.jdt.ls.core.id1 -Dosgi.bundles.defaultStartLevel=4 -Declipse.product=org.eclipse.jdt.ls.core.product -Djava.import.generatesMetadataFilesAtProjectRoot=false -DDetectVMInstallationsJob.disabled=true -Dfile.encoding=utf8 -XX:+UseParallelGC -XX:GCTimeRatio=4 -XX:AdaptiveSizePolicyWeight=90 -Dsun.zip.disableMemoryMapping=true -Xmx1G -Xms100m -Xlog:disable -javaagent:c:\Users\HP\.windsurf\extensions\redhat.java-1.41.1-win32-x64\lombok\lombok-1.18.36.jar -XX:+HeapDumpOnOutOfMemoryError -XX:HeapDumpPath=c:\Users\HP\AppData\Roaming\Windsurf\User\workspaceStorage\2ea67a812507b6f8bdb789a5b90a8873\redhat.java -Daether.dependencyCollector.impl=bf c:\Users\HP\.windsurf\extensions\redhat.java-1.41.1-win32-x64\server\plugins\org.eclipse.equinox.launcher_1.7.0.v20250331-1702.jar -configuration c:\Users\HP\AppData\Roaming\Windsurf\User\globalStorage\redhat.java\1.41.1\config_win -data c:\Users\HP\AppData\Roaming\Windsurf\User\workspaceStorage\2ea67a812507b6f8bdb789a5b90a8873\redhat.java\jdt_ws --pipe=\\.\pipe\lsp-baf5c82b6bdf8cbd56c85ed07f084be3-sock

Host: Intel(R) Core(TM) i5-6200U CPU @ 2.30GHz, 4 cores, 15G,  Windows 10 , 64 bit Build 19041 (10.0.19041.5678)
Time: Thu Apr 17 19:22:55 2025 Paris, Madrid (heure duild 19041 (10.0.19041.5678) elapsed time: 104.820424 seconds (0d 0h 1m 44s)

---------------  T H R E A D  ---------------

Current thread (0x000001bffe84b8f0):  JavaThread "C2 CompilerThread1" daemon [_thread_in_native, id=21088, stack(0x0000004075900000,0x0000004075a00000) (1024K)]


Current CompileTask:
C2:104820 11299       4       lombok.eclipse.handlers.EclipseHandlerUtil::setGeneratedBy (10 bytes)

Stack: [0x0000004075900000,0x0000004075a00000]
Native frames: (J=compiled Java code, j=interpreted, Vv=VM code, C=native code)
V  [jvm.dll+0x6cdee9]
V  [jvm.dll+0x8a83d1]
V  [jvm.dll+0x8aa8fe]
V  [jvm.dll+0x8aafe3]
V  [jvm.dll+0x27f706]
V  [jvm.dll+0xc500d]
V  [jvm.dll+0xc5543]
V  [jvm.dll+0x65c035]
V  [jvm.dll+0x65d7cf]
V  [jvm.dll+0x65bb6e]
V  [jvm.dll+0x247875]
V  [jvm.dll+0x246fcf]
V  [jvm.dll+0x1c75ee]
V  [jvm.dll+0x25685a]
V  [jvm.dll+0x254dfa]
V  [jvm.dll+0x3f0256]
V  [jvm.dll+0x851f8b]
V  [jvm.dll+0x6cc5ed]
C  [ucrtbase.dll+0x21bb2]
C  [KERNEL32.DLL+0x17374]
C  [ntdll.dll+0x4cc91]


---------------  P R O C E S S  ---------------

Threads class SMR info:
_java_thread_list=0x000001bf840e0380, length=43, elements={
0x000001bfa71c5130, 0x000001bfbb4f3bf0, 0x000001bfbb4f4d50, 0x000001bfbb4f6130,
0x000001bfbb4f7040, 0x000001bfbb4fad10, 0x000001bfbb4fb760, 0x000001bfbb4fc590,
0x000001bfbb56d200, 0x000001bfa7231590, 0x000001bffd5e8820, 0x000001bffdc4c040,
0x000001bffdcdc1f0, 0x000001bffd3479f0, 0x000001bffd8200c0, 0x000001bffe57ed30,
0x000001bffe5873a0, 0x000001bffdbb4a90, 0x000001bffdbb7f10, 0x000001bffdbb71f0,
0x000001bffdbb7880, 0x000001bffdbb5120, 0x000001bffdbb57b0, 0x000001bffdbb5e40,
0x000001bffdbb64d0, 0x000001bffdbb6b60, 0x000001bf844e30f0, 0x000001bf844ea710,
0x000001bf844e51c0, 0x000001bf844ea080, 0x000001bf844e3e10, 0x000001bf844e44a0,
0x000001bf844e6570, 0x000001bf844e9360, 0x000001bf844e5850, 0x000001bf844e4b30,
0x000001bf844e99f0, 0x000001bf844e6c00, 0x000001bf844e3780, 0x000001bf844e7920,
0x000001bf844e7fb0, 0x000001bf844e8640, 0x000001bffe84b8f0
}

Java Threads: ( => current thread )
  0x000001bfa71c5130 JavaThread "main"                              [_thread_blocked, id=4968, stack(0x0000004072600000,0x0000004072700000) (1024K)]
  0x000001bfbb4f3bf0 JavaThread "Reference Handler"          daemon [_thread_blocked, id=5316, stack(0x0000004072a00000,0x0000004072b00000) (1024K)]
  0x000001bfbb4f4d50 JavaThread "Finalizer"                  daemon [_thread_blocked, id=22696, stack(0x0000004072b00000,0x0000004072c00000) (1024K)]
  0x000001bfbb4f6130 JavaThread "Signal Dispatcher"          daemon [_thread_blocked, id=4268, stack(0x0000004072c00000,0x0000004072d00000) (1024K)]
  0x000001bfbb4f7040 JavaThread "Attach Listener"            daemon [_thread_blocked, id=2700, stack(0x0000004072d00000,0x0000004072e00000) (1024K)]
  0x000001bfbb4fad10 JavaThread "Service Thread"             daemon [_thread_blocked, id=9028, stack(0x0000004072e00000,0x0000004072f00000) (1024K)]
  0x000001bfbb4fb760 JavaThread "Monitor Deflation Thread"   daemon [_thread_blocked, id=13072, stack(0x0000004072f00000,0x0000004073000000) (1024K)]
  0x000001bfbb4fc590 JavaThread "C2 CompilerThread0"         daemon [_thread_in_native, id=20052, stack(0x0000004073000000,0x0000004073100000) (1024K)]
  0x000001bfbb56d200 JavaThread "C1 CompilerThread0"         daemon [_thread_in_vm, id=16440, stack(0x0000004073100000,0x0000004073200000) (1024K)]
  0x000001bfa7231590 JavaThread "Common-Cleaner"             daemon [_thread_blocked, id=7648, stack(0x0000004073200000,0x0000004073300000) (1024K)]
  0x000001bffd5e8820 JavaThread "Notification Thread"        daemon [_thread_blocked, id=13108, stack(0x0000004073300000,0x0000004073400000) (1024K)]
  0x000001bffdc4c040 JavaThread "Active Thread: Equinox Container: 0666ed2d-ffff-4e66-b82d-8fb0163f336e"        [_thread_blocked, id=21044, stack(0x0000004073800000,0x0000004073900000) (1024K)]
  0x000001bffdcdc1f0 JavaThread "Refresh Thread: Equinox Container: 0666ed2d-ffff-4e66-b82d-8fb0163f336e" daemon [_thread_blocked, id=20728, stack(0x0000004073700000,0x0000004073800000) (1024K)]
  0x000001bffd3479f0 JavaThread "Framework Event Dispatcher: Equinox Container: 0666ed2d-ffff-4e66-b82d-8fb0163f336e" daemon [_thread_blocked, id=1348, stack(0x0000004073900000,0x0000004073a00000) (1024K)]
  0x000001bffd8200c0 JavaThread "Start Level: Equinox Container: 0666ed2d-ffff-4e66-b82d-8fb0163f336e" daemon [_thread_blocked, id=3720, stack(0x0000004073a00000,0x0000004073b00000) (1024K)]
  0x000001bffe57ed30 JavaThread "Bundle File Closer"         daemon [_thread_blocked, id=9752, stack(0x0000004073b00000,0x0000004073c00000) (1024K)]
  0x000001bffe5873a0 JavaThread "SCR Component Actor"        daemon [_thread_blocked, id=17832, stack(0x0000004072400000,0x0000004072500000) (1024K)]
  0x000001bffdbb4a90 JavaThread "Worker-JM"                         [_thread_blocked, id=22000, stack(0x0000004073c00000,0x0000004073d00000) (1024K)]
  0x000001bffdbb7f10 JavaThread "Worker-0: Building"                [_thread_in_Java, id=7612, stack(0x0000004073e00000,0x0000004073f00000) (1024K)]
  0x000001bffdbb71f0 JavaThread "Worker-1"                          [_thread_blocked, id=17628, stack(0x0000004073f00000,0x0000004074000000) (1024K)]
  0x000001bffdbb7880 JavaThread "Worker-2"                          [_thread_blocked, id=17564, stack(0x0000004074100000,0x0000004074200000) (1024K)]
  0x000001bffdbb5120 JavaThread "Worker-3"                          [_thread_blocked, id=3988, stack(0x0000004074200000,0x0000004074300000) (1024K)]
  0x000001bffdbb57b0 JavaThread "Java indexing"              daemon [_thread_blocked, id=16932, stack(0x0000004074300000,0x0000004074400000) (1024K)]
  0x000001bffdbb5e40 JavaThread "JNA Cleaner"                daemon [_thread_blocked, id=7408, stack(0x0000004074500000,0x0000004074600000) (1024K)]
  0x000001bffdbb64d0 JavaThread "Worker-4"                          [_thread_blocked, id=18908, stack(0x0000004074800000,0x0000004074900000) (1024K)]
  0x000001bffdbb6b60 JavaThread "Worker-5: Initialize workspace"        [_thread_blocked, id=22668, stack(0x0000004074900000,0x0000004074a00000) (1024K)]
  0x000001bf844e30f0 JavaThread "Thread-2"                   daemon [_thread_in_native, id=23376, stack(0x0000004074000000,0x0000004074100000) (1024K)]
  0x000001bf844ea710 JavaThread "Thread-3"                   daemon [_thread_in_native, id=6004, stack(0x0000004074a00000,0x0000004074b00000) (1024K)]
  0x000001bf844e51c0 JavaThread "Thread-4"                   daemon [_thread_in_native, id=11252, stack(0x0000004074b00000,0x0000004074c00000) (1024K)]
  0x000001bf844ea080 JavaThread "Thread-5"                   daemon [_thread_in_native, id=16468, stack(0x0000004074c00000,0x0000004074d00000) (1024K)]
  0x000001bf844e3e10 JavaThread "Thread-6"                   daemon [_thread_in_native, id=18932, stack(0x0000004074d00000,0x0000004074e00000) (1024K)]
  0x000001bf844e44a0 JavaThread "pool-2-thread-1"                   [_thread_blocked, id=23536, stack(0x0000004074e00000,0x0000004074f00000) (1024K)]
  0x000001bf844e6570 JavaThread "WorkspaceEventsHandler"            [_thread_blocked, id=20128, stack(0x0000004072500000,0x0000004072600000) (1024K)]
  0x000001bf844e9360 JavaThread "pool-1-thread-1"                   [_thread_blocked, id=20056, stack(0x0000004075000000,0x0000004075100000) (1024K)]
  0x000001bf844e5850 JavaThread "LocalFile Deleter"          daemon [_thread_blocked, id=12496, stack(0x0000004075200000,0x0000004075300000) (1024K)]
  0x000001bf844e4b30 JavaThread "LocalFile Deleter"          daemon [_thread_blocked, id=23204, stack(0x0000004075300000,0x0000004075400000) (1024K)]
  0x000001bf844e99f0 JavaThread "LocalFile Deleter"          daemon [_thread_blocked, id=18424, stack(0x0000004075400000,0x0000004075500000) (1024K)]
  0x000001bf844e6c00 JavaThread "Compiler Source File Reader" daemon [_thread_blocked, id=17028, stack(0x0000004075500000,0x0000004075600000) (1024K)]
  0x000001bf844e3780 JavaThread "Compiler Source File Reader" daemon [_thread_blocked, id=8308, stack(0x0000004075600000,0x0000004075700000) (1024K)]
  0x000001bf844e7920 JavaThread "ForkJoinPool.commonPool-worker-1" daemon [_thread_blocked, id=21860, stack(0x0000004074f00000,0x0000004075000000) (1024K)]
  0x000001bf844e7fb0 JavaThread "ForkJoinPool.commonPool-worker-2" daemon [_thread_blocked, id=18164, stack(0x0000004075700000,0x0000004075800000) (1024K)]
  0x000001bf844e8640 JavaThread "ForkJoinPool.commonPool-worker-3" daemon [_thread_blocked, id=7980, stack(0x0000004075800000,0x0000004075900000) (1024K)]
=>0x000001bffe84b8f0 JavaThread "C2 CompilerThread1"         daemon [_thread_in_native, id=21088, stack(0x0000004075900000,0x0000004075a00000) (1024K)]
Total: 43

Other Threads:
  0x000001bfa72844e0 VMThread "VM Thread"                           [id=8952, stack(0x0000004072900000,0x0000004072a00000) (1024K)]
  0x000001bfa7230a10 WatcherThread "VM Periodic Task Thread"        [id=6168, stack(0x0000004072800000,0x0000004072900000) (1024K)]
  0x000001bfa71e2190 WorkerThread "GC Thread#0"                     [id=21816, stack(0x0000004072700000,0x0000004072800000) (1024K)]
  0x000001bffd5d9580 WorkerThread "GC Thread#1"                     [id=19420, stack(0x0000004073400000,0x0000004073500000) (1024K)]
  0x000001bffd9db5c0 WorkerThread "GC Thread#2"                     [id=19324, stack(0x0000004073500000,0x0000004073600000) (1024K)]
  0x000001bffdb903f0 WorkerThread "GC Thread#3"                     [id=20372, stack(0x0000004073600000,0x0000004073700000) (1024K)]
Total: 6

Threads with active compile tasks:
C2 CompilerThread0  104911 11298   !   4       lombok.core.FieldAugment$ReflectionFieldAugment::getAndSet (80 bytes)
C1 CompilerThread0  104911 11473       3       org.eclipse.jdt.internal.compiler.lookup.AnnotationHolder::<init> (5 bytes)
C2 CompilerThread1  104911 11299       4       lombok.eclipse.handlers.EclipseHandlerUtil::setGeneratedBy (10 bytes)
Total: 3

VM state: not at safepoint (normal execution)

VM Mutex/Monitor currently owned by a thread: None

Heap address: 0x00000000c0000000, size: 1024 MB, Compressed Oops mode: 32-bit

CDS archive(s) mapped at: [0x000001bfbc000000-0x000001bfbcba0000-0x000001bfbcba0000), size 12189696, SharedBaseAddress: 0x000001bfbc000000, ArchiveRelocationMode: 1.
Compressed class space mapped at: 0x000001bfbd000000-0x000001bffd000000, reserved size: 1073741824
Narrow klass base: 0x000001bfbc000000, Narrow klass shift: 0, Narrow klass range: 0x100000000

GC Precious Log:
 CardTable entry size: 512
 CPUs: 4 total, 4 available
 Memory: 16264M
 Large Page Support: Disabled
 NUMA Support: Disabled
 Compressed Oops: Enabled (32-bit)
 Alignments: Space 512K, Generation 512K, Heap 2M
 Heap Min Capacity: 100M
 Heap Initial Capacity: 100M
 Heap Max Capacity: 1G
 Pre-touch: Disabled
 Parallel Workers: 4

Heap:
 PSYoungGen      total 19968K, used 10832K [0x00000000eab00000, 0x00000000ec180000, 0x0000000100000000)
  eden space 18432K, 53% used [0x00000000eab00000,0x00000000eb48c7d8,0x00000000ebd00000)
  from space 1536K, 68% used [0x00000000ec000000,0x00000000ec107a70,0x00000000ec180000)
  to   space 2048K, 0% used [0x00000000ebd80000,0x00000000ebd80000,0x00000000ebf80000)
 ParOldGen       total 68608K, used 56588K [0x00000000c0000000, 0x00000000c4300000, 0x00000000eab00000)
  object space 68608K, 82% used [0x00000000c0000000,0x00000000c37430a8,0x00000000c4300000)
 Metaspace       used 68292K, committed 69760K, reserved 1114112K
  class space    used 7173K, committed 7744K, reserved 1048576K

Card table byte_map: [0x000001bfa6b70000,0x000001bfa6d80000] _byte_map_base: 0x000001bfa6570000

Marking Bits: (ParMarkBitMap*) 0x00007ffcd1b73260
 Begin Bits: [0x000001bfb93c0000, 0x000001bfba3c0000)
 End Bits:   [0x000001bfba3c0000, 0x000001bfbb3c0000)

Polling page: 0x000001bfa5000000

Metaspace:

Usage:
  Non-class:     59.69 MB used.
      Class:      7.01 MB used.
       Both:     66.69 MB used.

Virtual space:
  Non-class space:       64.00 MB reserved,      60.56 MB ( 95%) committed,  1 nodes.
      Class space:        1.00 GB reserved,       7.56 MB ( <1%) committed,  1 nodes.
             Both:        1.06 GB reserved,      68.12 MB (  6%) committed. 

Chunk freelists:
   Non-Class:  2.66 MB
       Class:  8.45 MB
        Both:  11.10 MB

MaxMetaspaceSize: unlimited
CompressedClassSpaceSize: 1.00 GB
Initial GC threshold: 21.00 MB
Current GC threshold: 97.31 MB
CDS: on
 - commit_granule_bytes: 65536.
 - commit_granule_words: 8192.
 - virtual_space_node_default_size: 8388608.
 - enlarge_chunks_in_place: 1.
 - use_allocation_guard: 0.


Internal statistics:

num_allocs_failed_limit: 11.
num_arena_births: 1158.
num_arena_deaths: 18.
num_vsnodes_births: 2.
num_vsnodes_deaths: 0.
num_space_committed: 1090.
num_space_uncommitted: 0.
num_chunks_returned_to_freelist: 31.
num_chunks_taken_from_freelist: 4231.
num_chunk_merges: 13.
num_chunk_splits: 2581.
num_chunks_enlarged: 1432.
num_inconsistent_stats: 0.

CodeHeap 'non-profiled nmethods': size=120000Kb used=6940Kb max_used=6940Kb free=113060Kb
 bounds [0x000001bfb1e90000, 0x000001bfb2560000, 0x000001bfb93c0000]
CodeHeap 'profiled nmethods': size=120000Kb used=23755Kb max_used=23755Kb free=96245Kb
 bounds [0x000001bfaa3c0000, 0x000001bfabb00000, 0x000001bfb18f0000]
CodeHeap 'non-nmethods': size=5760Kb used=1451Kb max_used=1544Kb free=4308Kb
 bounds [0x000001bfb18f0000, 0x000001bfb1b60000, 0x000001bfb1e90000]
 total_blobs=11398 nmethods=10630 adapters=674
 compilation: enabled
              stopped_count=0, restarted_count=0
 full_count=0

Compilation events (20 events):
Event: 104.763 Thread 0x000001bfbb56d200 11462       3       org.eclipse.jdt.internal.compiler.ast.StringLiteral::<init> (24 bytes)
Event: 104.764 Thread 0x000001bfbb56d200 nmethod 11462 0x000001bfabae7690 code [0x000001bfabae7860, 0x000001bfabae7b88]
Event: 104.764 Thread 0x000001bfbb56d200 11463       3       lombok.eclipse.handlers.EclipseHandlerUtil::removePrefixFromField (253 bytes)
Event: 104.770 Thread 0x000001bfbb56d200 nmethod 11463 0x000001bfabae7d10 code [0x000001bfabae82c0, 0x000001bfabaeb970]
Event: 104.772 Thread 0x000001bfbb56d200 11464       3       lombok.eclipse.EclipseAST::buildMethod (110 bytes)
Event: 104.773 Thread 0x000001bfbb56d200 nmethod 11464 0x000001bfabaec910 code [0x000001bfabaecc20, 0x000001bfabaee150]
Event: 104.774 Thread 0x000001bfbb56d200 11465       3       org.eclipse.jdt.internal.core.CompilationUnitStructureRequestor::resolveDuplicates (151 bytes)
Event: 104.776 Thread 0x000001bfbb56d200 nmethod 11465 0x000001bfabaee710 code [0x000001bfabaeea60, 0x000001bfabaf05e0]
Event: 104.776 Thread 0x000001bfbb56d200 11467       3       org.eclipse.jdt.core.Signature::checkNextChar (42 bytes)
Event: 104.777 Thread 0x000001bfbb56d200 nmethod 11467 0x000001bfabaf0d90 code [0x000001bfabaf0fe0, 0x000001bfabaf1890]
Event: 104.777 Thread 0x000001bfbb56d200 11469       3       org.eclipse.jdt.internal.core.SourceRefElement::equals (40 bytes)
Event: 104.777 Thread 0x000001bfbb56d200 nmethod 11469 0x000001bfabaf1c10 code [0x000001bfabaf1de0, 0x000001bfabaf2218]
Event: 104.777 Thread 0x000001bfbb56d200 11466       3       org.eclipse.jdt.internal.core.MemberElementInfo::<init> (5 bytes)
Event: 104.778 Thread 0x000001bfbb56d200 nmethod 11466 0x000001bfabaf2310 code [0x000001bfabaf24c0, 0x000001bfabaf26e8]
Event: 104.778 Thread 0x000001bfbb56d200 11471       1       org.eclipse.jdt.internal.core.SourceType::isLambda (2 bytes)
Event: 104.778 Thread 0x000001bfbb56d200 nmethod 11471 0x000001bfb2556a10 code [0x000001bfb2556ba0, 0x000001bfb2556c68]
Event: 104.778 Thread 0x000001bfbb56d200 11470       1       org.eclipse.jdt.internal.core.SourceField::getElementType (3 bytes)
Event: 104.778 Thread 0x000001bfbb56d200 nmethod 11470 0x000001bfb2556d10 code [0x000001bfb2556ea0, 0x000001bfb2556f68]
Event: 104.786 Thread 0x000001bfbb56d200 11472       3       org.eclipse.jdt.internal.compiler.lookup.Scope::compilerOptions (11 bytes)
Event: 104.786 Thread 0x000001bfbb56d200 nmethod 11472 0x000001bfabaf2810 code [0x000001bfabaf29c0, 0x000001bfabaf2af0]

GC Heap History (20 events):
Event: 96.899 GC heap before
{Heap before GC invocations=38 (full 3):
 PSYoungGen      total 23040K, used 22624K [0x00000000eab00000, 0x00000000ec400000, 0x0000000100000000)
  eden space 20480K, 100% used [0x00000000eab00000,0x00000000ebf00000,0x00000000ebf00000)
  from space 2560K, 83% used [0x00000000ec180000,0x00000000ec398010,0x00000000ec400000)
  to   space 2560K, 0% used [0x00000000ebf00000,0x00000000ebf00000,0x00000000ec180000)
 ParOldGen       total 68608K, used 41911K [0x00000000c0000000, 0x00000000c4300000, 0x00000000eab00000)
  object space 68608K, 61% used [0x00000000c0000000,0x00000000c28edee0,0x00000000c4300000)
 Metaspace       used 58740K, committed 60096K, reserved 1114112K
  class space    used 6194K, committed 6784K, reserved 1048576K
}
Event: 96.905 GC heap after
{Heap after GC invocations=38 (full 3):
 PSYoungGen      total 23040K, used 2264K [0x00000000eab00000, 0x00000000ec400000, 0x0000000100000000)
  eden space 20480K, 0% used [0x00000000eab00000,0x00000000eab00000,0x00000000ebf00000)
  from space 2560K, 88% used [0x00000000ebf00000,0x00000000ec136210,0x00000000ec180000)
  to   space 2560K, 0% used [0x00000000ec180000,0x00000000ec180000,0x00000000ec400000)
 ParOldGen       total 68608K, used 43943K [0x00000000c0000000, 0x00000000c4300000, 0x00000000eab00000)
  object space 68608K, 64% used [0x00000000c0000000,0x00000000c2ae9ee0,0x00000000c4300000)
 Metaspace       used 58740K, committed 60096K, reserved 1114112K
  class space    used 6194K, committed 6784K, reserved 1048576K
}
Event: 97.205 GC heap before
{Heap before GC invocations=39 (full 3):
 PSYoungGen      total 23040K, used 22744K [0x00000000eab00000, 0x00000000ec400000, 0x0000000100000000)
  eden space 20480K, 100% used [0x00000000eab00000,0x00000000ebf00000,0x00000000ebf00000)
  from space 2560K, 88% used [0x00000000ebf00000,0x00000000ec136210,0x00000000ec180000)
  to   space 2560K, 0% used [0x00000000ec180000,0x00000000ec180000,0x00000000ec400000)
 ParOldGen       total 68608K, used 43943K [0x00000000c0000000, 0x00000000c4300000, 0x00000000eab00000)
  object space 68608K, 64% used [0x00000000c0000000,0x00000000c2ae9ee0,0x00000000c4300000)
 Metaspace       used 58943K, committed 60224K, reserved 1114112K
  class space    used 6210K, committed 6784K, reserved 1048576K
}
Event: 97.212 GC heap after
{Heap after GC invocations=39 (full 3):
 PSYoungGen      total 21504K, used 992K [0x00000000eab00000, 0x00000000ec280000, 0x0000000100000000)
  eden space 20480K, 0% used [0x00000000eab00000,0x00000000eab00000,0x00000000ebf00000)
  from space 1024K, 96% used [0x00000000ec180000,0x00000000ec278000,0x00000000ec280000)
  to   space 1536K, 0% used [0x00000000ebf80000,0x00000000ebf80000,0x00000000ec100000)
 ParOldGen       total 68608K, used 46152K [0x00000000c0000000, 0x00000000c4300000, 0x00000000eab00000)
  object space 68608K, 67% used [0x00000000c0000000,0x00000000c2d120f0,0x00000000c4300000)
 Metaspace       used 58943K, committed 60224K, reserved 1114112K
  class space    used 6210K, committed 6784K, reserved 1048576K
}
Event: 98.664 GC heap before
{Heap before GC invocations=40 (full 3):
 PSYoungGen      total 21504K, used 21452K [0x00000000eab00000, 0x00000000ec280000, 0x0000000100000000)
  eden space 20480K, 99% used [0x00000000eab00000,0x00000000ebefb3e0,0x00000000ebf00000)
  from space 1024K, 96% used [0x00000000ec180000,0x00000000ec278000,0x00000000ec280000)
  to   space 1536K, 0% used [0x00000000ebf80000,0x00000000ebf80000,0x00000000ec100000)
 ParOldGen       total 68608K, used 46152K [0x00000000c0000000, 0x00000000c4300000, 0x00000000eab00000)
  object space 68608K, 67% used [0x00000000c0000000,0x00000000c2d120f0,0x00000000c4300000)
 Metaspace       used 60337K, committed 61760K, reserved 1114112K
  class space    used 6376K, committed 6976K, reserved 1048576K
}
Event: 98.669 GC heap after
{Heap after GC invocations=40 (full 3):
 PSYoungGen      total 22016K, used 1508K [0x00000000eab00000, 0x00000000ec600000, 0x0000000100000000)
  eden space 20480K, 0% used [0x00000000eab00000,0x00000000eab00000,0x00000000ebf00000)
  from space 1536K, 98% used [0x00000000ebf80000,0x00000000ec0f93a0,0x00000000ec100000)
  to   space 3584K, 0% used [0x00000000ec280000,0x00000000ec280000,0x00000000ec600000)
 ParOldGen       total 68608K, used 47448K [0x00000000c0000000, 0x00000000c4300000, 0x00000000eab00000)
  object space 68608K, 69% used [0x00000000c0000000,0x00000000c2e56120,0x00000000c4300000)
 Metaspace       used 60337K, committed 61760K, reserved 1114112K
  class space    used 6376K, committed 6976K, reserved 1048576K
}
Event: 101.328 GC heap before
{Heap before GC invocations=41 (full 3):
 PSYoungGen      total 22016K, used 21957K [0x00000000eab00000, 0x00000000ec600000, 0x0000000100000000)
  eden space 20480K, 99% used [0x00000000eab00000,0x00000000ebef83b8,0x00000000ebf00000)
  from space 1536K, 98% used [0x00000000ebf80000,0x00000000ec0f93a0,0x00000000ec100000)
  to   space 3584K, 0% used [0x00000000ec280000,0x00000000ec280000,0x00000000ec600000)
 ParOldGen       total 68608K, used 47448K [0x00000000c0000000, 0x00000000c4300000, 0x00000000eab00000)
  object space 68608K, 69% used [0x00000000c0000000,0x00000000c2e56120,0x00000000c4300000)
 Metaspace       used 61364K, committed 62720K, reserved 1114112K
  class space    used 6498K, committed 7104K, reserved 1048576K
}
Event: 101.331 GC heap after
{Heap after GC invocations=41 (full 3):
 PSYoungGen      total 20992K, used 480K [0x00000000eab00000, 0x00000000ec300000, 0x0000000100000000)
  eden space 20480K, 0% used [0x00000000eab00000,0x00000000eab00000,0x00000000ebf00000)
  from space 512K, 93% used [0x00000000ec280000,0x00000000ec2f8000,0x00000000ec300000)
  to   space 1536K, 0% used [0x00000000ec000000,0x00000000ec000000,0x00000000ec180000)
 ParOldGen       total 68608K, used 48905K [0x00000000c0000000, 0x00000000c4300000, 0x00000000eab00000)
  object space 68608K, 71% used [0x00000000c0000000,0x00000000c2fc2790,0x00000000c4300000)
 Metaspace       used 61364K, committed 62720K, reserved 1114112K
  class space    used 6498K, committed 7104K, reserved 1048576K
}
Event: 101.872 GC heap before
{Heap before GC invocations=42 (full 3):
 PSYoungGen      total 20992K, used 20827K [0x00000000eab00000, 0x00000000ec300000, 0x0000000100000000)
  eden space 20480K, 99% used [0x00000000eab00000,0x00000000ebedeea0,0x00000000ebf00000)
  from space 512K, 93% used [0x00000000ec280000,0x00000000ec2f8000,0x00000000ec300000)
  to   space 1536K, 0% used [0x00000000ec000000,0x00000000ec000000,0x00000000ec180000)
 ParOldGen       total 68608K, used 48905K [0x00000000c0000000, 0x00000000c4300000, 0x00000000eab00000)
  object space 68608K, 71% used [0x00000000c0000000,0x00000000c2fc2790,0x00000000c4300000)
 Metaspace       used 63364K, committed 64768K, reserved 1114112K
  class space    used 6692K, committed 7296K, reserved 1048576K
}
Event: 101.876 GC heap after
{Heap after GC invocations=42 (full 3):
 PSYoungGen      total 22016K, used 1526K [0x00000000eab00000, 0x00000000ec400000, 0x0000000100000000)
  eden space 20480K, 0% used [0x00000000eab00000,0x00000000eab00000,0x00000000ebf00000)
  from space 1536K, 99% used [0x00000000ec000000,0x00000000ec17da50,0x00000000ec180000)
  to   space 2560K, 0% used [0x00000000ec180000,0x00000000ec180000,0x00000000ec400000)
 ParOldGen       total 68608K, used 49570K [0x00000000c0000000, 0x00000000c4300000, 0x00000000eab00000)
  object space 68608K, 72% used [0x00000000c0000000,0x00000000c3068ba8,0x00000000c4300000)
 Metaspace       used 63364K, committed 64768K, reserved 1114112K
  class space    used 6692K, committed 7296K, reserved 1048576K
}
Event: 102.177 GC heap before
{Heap before GC invocations=43 (full 3):
 PSYoungGen      total 22016K, used 22006K [0x00000000eab00000, 0x00000000ec400000, 0x0000000100000000)
  eden space 20480K, 100% used [0x00000000eab00000,0x00000000ebf00000,0x00000000ebf00000)
  from space 1536K, 99% used [0x00000000ec000000,0x00000000ec17da50,0x00000000ec180000)
  to   space 2560K, 0% used [0x00000000ec180000,0x00000000ec180000,0x00000000ec400000)
 ParOldGen       total 68608K, used 49570K [0x00000000c0000000, 0x00000000c4300000, 0x00000000eab00000)
  object space 68608K, 72% used [0x00000000c0000000,0x00000000c3068ba8,0x00000000c4300000)
 Metaspace       used 64350K, committed 65792K, reserved 1114112K
  class space    used 6769K, committed 7360K, reserved 1048576K
}
Event: 102.187 GC heap after
{Heap after GC invocations=43 (full 3):
 PSYoungGen      total 22016K, used 1326K [0x00000000eab00000, 0x00000000ec300000, 0x0000000100000000)
  eden space 20480K, 0% used [0x00000000eab00000,0x00000000eab00000,0x00000000ebf00000)
  from space 1536K, 86% used [0x00000000ec180000,0x00000000ec2cb9b0,0x00000000ec300000)
  to   space 2048K, 0% used [0x00000000ebf00000,0x00000000ebf00000,0x00000000ec100000)
 ParOldGen       total 68608K, used 50994K [0x00000000c0000000, 0x00000000c4300000, 0x00000000eab00000)
  object space 68608K, 74% used [0x00000000c0000000,0x00000000c31cc918,0x00000000c4300000)
 Metaspace       used 64350K, committed 65792K, reserved 1114112K
  class space    used 6769K, committed 7360K, reserved 1048576K
}
Event: 102.410 GC heap before
{Heap before GC invocations=44 (full 3):
 PSYoungGen      total 22016K, used 21806K [0x00000000eab00000, 0x00000000ec300000, 0x0000000100000000)
  eden space 20480K, 99% used [0x00000000eab00000,0x00000000ebefff48,0x00000000ebf00000)
  from space 1536K, 86% used [0x00000000ec180000,0x00000000ec2cb9b0,0x00000000ec300000)
  to   space 2048K, 0% used [0x00000000ebf00000,0x00000000ebf00000,0x00000000ec100000)
 ParOldGen       total 68608K, used 50994K [0x00000000c0000000, 0x00000000c4300000, 0x00000000eab00000)
  object space 68608K, 74% used [0x00000000c0000000,0x00000000c31cc918,0x00000000c4300000)
 Metaspace       used 64510K, committed 65920K, reserved 1114112K
  class space    used 6775K, committed 7360K, reserved 1048576K
}
Event: 102.412 GC heap after
{Heap after GC invocations=44 (full 3):
 PSYoungGen      total 21504K, used 874K [0x00000000eab00000, 0x00000000ec200000, 0x0000000100000000)
  eden space 20480K, 0% used [0x00000000eab00000,0x00000000eab00000,0x00000000ebf00000)
  from space 1024K, 85% used [0x00000000ebf00000,0x00000000ebfdaa98,0x00000000ec000000)
  to   space 1536K, 0% used [0x00000000ec080000,0x00000000ec080000,0x00000000ec200000)
 ParOldGen       total 68608K, used 51411K [0x00000000c0000000, 0x00000000c4300000, 0x00000000eab00000)
  object space 68608K, 74% used [0x00000000c0000000,0x00000000c3234cc0,0x00000000c4300000)
 Metaspace       used 64510K, committed 65920K, reserved 1114112K
  class space    used 6775K, committed 7360K, reserved 1048576K
}
Event: 103.173 GC heap before
{Heap before GC invocations=45 (full 3):
 PSYoungGen      total 21504K, used 21354K [0x00000000eab00000, 0x00000000ec200000, 0x0000000100000000)
  eden space 20480K, 100% used [0x00000000eab00000,0x00000000ebf00000,0x00000000ebf00000)
  from space 1024K, 85% used [0x00000000ebf00000,0x00000000ebfdaa98,0x00000000ec000000)
  to   space 1536K, 0% used [0x00000000ec080000,0x00000000ec080000,0x00000000ec200000)
 ParOldGen       total 68608K, used 51411K [0x00000000c0000000, 0x00000000c4300000, 0x00000000eab00000)
  object space 68608K, 74% used [0x00000000c0000000,0x00000000c3234cc0,0x00000000c4300000)
 Metaspace       used 66157K, committed 67584K, reserved 1114112K
  class space    used 6928K, committed 7552K, reserved 1048576K
}
Event: 103.176 GC heap after
{Heap after GC invocations=45 (full 3):
 PSYoungGen      total 19968K, used 1524K [0x00000000eab00000, 0x00000000ec600000, 0x0000000100000000)
  eden space 18432K, 0% used [0x00000000eab00000,0x00000000eab00000,0x00000000ebd00000)
  from space 1536K, 99% used [0x00000000ec080000,0x00000000ec1fd270,0x00000000ec200000)
  to   space 3584K, 0% used [0x00000000ebd00000,0x00000000ebd00000,0x00000000ec080000)
 ParOldGen       total 68608K, used 52971K [0x00000000c0000000, 0x00000000c4300000, 0x00000000eab00000)
  object space 68608K, 77% used [0x00000000c0000000,0x00000000c33baf28,0x00000000c4300000)
 Metaspace       used 66157K, committed 67584K, reserved 1114112K
  class space    used 6928K, committed 7552K, reserved 1048576K
}
Event: 103.948 GC heap before
{Heap before GC invocations=46 (full 3):
 PSYoungGen      total 19968K, used 19956K [0x00000000eab00000, 0x00000000ec600000, 0x0000000100000000)
  eden space 18432K, 100% used [0x00000000eab00000,0x00000000ebd00000,0x00000000ebd00000)
  from space 1536K, 99% used [0x00000000ec080000,0x00000000ec1fd270,0x00000000ec200000)
  to   space 3584K, 0% used [0x00000000ebd00000,0x00000000ebd00000,0x00000000ec080000)
 ParOldGen       total 68608K, used 52971K [0x00000000c0000000, 0x00000000c4300000, 0x00000000eab00000)
  object space 68608K, 77% used [0x00000000c0000000,0x00000000c33baf28,0x00000000c4300000)
 Metaspace       used 67126K, committed 68480K, reserved 1114112K
  class space    used 7057K, committed 7616K, reserved 1048576K
}
Event: 103.953 GC heap after
{Heap after GC invocations=46 (full 3):
 PSYoungGen      total 20992K, used 2491K [0x00000000eab00000, 0x00000000ec300000, 0x0000000100000000)
  eden space 18432K, 0% used [0x00000000eab00000,0x00000000eab00000,0x00000000ebd00000)
  from space 2560K, 97% used [0x00000000ebd00000,0x00000000ebf6ee80,0x00000000ebf80000)
  to   space 3072K, 0% used [0x00000000ec000000,0x00000000ec000000,0x00000000ec300000)
 ParOldGen       total 68608K, used 54449K [0x00000000c0000000, 0x00000000c4300000, 0x00000000eab00000)
  object space 68608K, 79% used [0x00000000c0000000,0x00000000c352c7b8,0x00000000c4300000)
 Metaspace       used 67126K, committed 68480K, reserved 1114112K
  class space    used 7057K, committed 7616K, reserved 1048576K
}
Event: 104.539 GC heap before
{Heap before GC invocations=47 (full 3):
 PSYoungGen      total 20992K, used 20923K [0x00000000eab00000, 0x00000000ec300000, 0x0000000100000000)
  eden space 18432K, 100% used [0x00000000eab00000,0x00000000ebd00000,0x00000000ebd00000)
  from space 2560K, 97% used [0x00000000ebd00000,0x00000000ebf6ee80,0x00000000ebf80000)
  to   space 3072K, 0% used [0x00000000ec000000,0x00000000ec000000,0x00000000ec300000)
 ParOldGen       total 68608K, used 54449K [0x00000000c0000000, 0x00000000c4300000, 0x00000000eab00000)
  object space 68608K, 79% used [0x00000000c0000000,0x00000000c352c7b8,0x00000000c4300000)
 Metaspace       used 67928K, committed 69376K, reserved 1114112K
  class space    used 7139K, committed 7744K, reserved 1048576K
}
Event: 104.546 GC heap after
{Heap after GC invocations=47 (full 3):
 PSYoungGen      total 19968K, used 1054K [0x00000000eab00000, 0x00000000ec180000, 0x0000000100000000)
  eden space 18432K, 0% used [0x00000000eab00000,0x00000000eab00000,0x00000000ebd00000)
  from space 1536K, 68% used [0x00000000ec000000,0x00000000ec107a70,0x00000000ec180000)
  to   space 2048K, 0% used [0x00000000ebd80000,0x00000000ebd80000,0x00000000ebf80000)
 ParOldGen       total 68608K, used 56588K [0x00000000c0000000, 0x00000000c4300000, 0x00000000eab00000)
  object space 68608K, 82% used [0x00000000c0000000,0x00000000c37430a8,0x00000000c4300000)
 Metaspace       used 67928K, committed 69376K, reserved 1114112K
  class space    used 7139K, committed 7744K, reserved 1048576K
}

Dll operation events (14 events):
Event: 0.016 Loaded shared library c:\Users\HP\.windsurf\extensions\redhat.java-1.41.1-win32-x64\jre\21.0.6-win32-x86_64\bin\java.dll
Event: 0.274 Loaded shared library c:\Users\HP\.windsurf\extensions\redhat.java-1.41.1-win32-x64\jre\21.0.6-win32-x86_64\bin\zip.dll
Event: 0.371 Loaded shared library C:\Users\HP\.windsurf\extensions\redhat.java-1.41.1-win32-x64\jre\21.0.6-win32-x86_64\bin\instrument.dll
Event: 0.382 Loaded shared library C:\Users\HP\.windsurf\extensions\redhat.java-1.41.1-win32-x64\jre\21.0.6-win32-x86_64\bin\net.dll
Event: 0.386 Loaded shared library C:\Users\HP\.windsurf\extensions\redhat.java-1.41.1-win32-x64\jre\21.0.6-win32-x86_64\bin\nio.dll
Event: 0.392 Loaded shared library C:\Users\HP\.windsurf\extensions\redhat.java-1.41.1-win32-x64\jre\21.0.6-win32-x86_64\bin\zip.dll
Event: 0.435 Loaded shared library C:\Users\HP\.windsurf\extensions\redhat.java-1.41.1-win32-x64\jre\21.0.6-win32-x86_64\bin\jimage.dll
Event: 0.688 Loaded shared library c:\Users\HP\.windsurf\extensions\redhat.java-1.41.1-win32-x64\jre\21.0.6-win32-x86_64\bin\verify.dll
Event: 27.233 Loaded shared library C:\Users\HP\AppData\Roaming\Windsurf\User\globalStorage\redhat.java\1.41.1\config_win\org.eclipse.equinox.launcher\org.eclipse.equinox.launcher.win32.win32.x86_64_1.2.1300.v20250331-1702\eclipse_11911.dll
Event: 69.643 Loaded shared library C:\Users\HP\.windsurf\extensions\redhat.java-1.41.1-win32-x64\jre\21.0.6-win32-x86_64\bin\management.dll
Event: 69.649 Loaded shared library C:\Users\HP\.windsurf\extensions\redhat.java-1.41.1-win32-x64\jre\21.0.6-win32-x86_64\bin\management_ext.dll
Event: 76.250 Loaded shared library C:\Users\HP\AppData\Local\Temp\jna-2312\jna15791221003869525568.dll
Event: 76.965 Loaded shared library C:\Users\HP\.windsurf\extensions\redhat.java-1.41.1-win32-x64\jre\21.0.6-win32-x86_64\bin\sunmscapi.dll
Event: 79.710 Loaded shared library C:\Users\HP\.windsurf\extensions\redhat.java-1.41.1-win32-x64\jre\21.0.6-win32-x86_64\bin\extnet.dll

Deoptimization events (20 events):
Event: 104.281 Thread 0x000001bf844e9360 Uncommon trap: trap_request=0xffffffc6 fr.pc=0x000001bfb2376974 relative=0x00000000000004f4
Event: 104.281 Thread 0x000001bf844e9360 Uncommon trap: reason=bimorphic_or_optimized_type_check action=maybe_recompile pc=0x000001bfb2376974 method=java.util.HashMap.removeNode(ILjava/lang/Object;Ljava/lang/Object;ZZ)Ljava/util/HashMap$Node; @ 68 c2
Event: 104.281 Thread 0x000001bf844e9360 DEOPT PACKING pc=0x000001bfb2376974 sp=0x00000040750fe090
Event: 104.281 Thread 0x000001bf844e9360 DEOPT UNPACKING pc=0x000001bfb1943aa2 sp=0x00000040750fe038 mode 2
Event: 104.292 Thread 0x000001bffdbb7f10 Uncommon trap: trap_request=0xffffff6e fr.pc=0x000001bfb20778c8 relative=0x0000000000000408
Event: 104.292 Thread 0x000001bffdbb7f10 Uncommon trap: reason=loop_limit_check action=maybe_recompile pc=0x000001bfb20778c8 method=org.eclipse.jdt.internal.compiler.classfmt.ClassFileStruct.utf8At(II)[C @ 143 c2
Event: 104.292 Thread 0x000001bffdbb7f10 DEOPT PACKING pc=0x000001bfb20778c8 sp=0x0000004073efd700
Event: 104.292 Thread 0x000001bffdbb7f10 DEOPT UNPACKING pc=0x000001bfb1943aa2 sp=0x0000004073efd698 mode 2
Event: 104.553 Thread 0x000001bf844e9360 Uncommon trap: trap_request=0xffffff45 fr.pc=0x000001bfb1fd9e0c relative=0x00000000000007cc
Event: 104.553 Thread 0x000001bf844e9360 Uncommon trap: reason=unstable_if action=reinterpret pc=0x000001bfb1fd9e0c method=org.eclipse.jdt.internal.core.util.WeakHashSet.cleanupGarbageCollectedValues()V @ 140 c2
Event: 104.553 Thread 0x000001bf844e9360 DEOPT PACKING pc=0x000001bfb1fd9e0c sp=0x00000040750fdf40
Event: 104.553 Thread 0x000001bf844e9360 DEOPT UNPACKING pc=0x000001bfb1943aa2 sp=0x00000040750fde48 mode 2
Event: 104.644 Thread 0x000001bf844e9360 Uncommon trap: trap_request=0xffffff45 fr.pc=0x000001bfb253d9ac relative=0x000000000000160c
Event: 104.644 Thread 0x000001bf844e9360 Uncommon trap: reason=unstable_if action=reinterpret pc=0x000001bfb253d9ac method=lombok.core.configuration.FileSystemSourceCache.parseIfNeccesary(Llombok/core/configuration/ConfigurationFile;Llombok/core/configuration/ConfigurationParser;)Llombok/core/co
Event: 104.644 Thread 0x000001bf844e9360 DEOPT PACKING pc=0x000001bfb253d9ac sp=0x00000040750fd9e0
Event: 104.644 Thread 0x000001bf844e9360 DEOPT UNPACKING pc=0x000001bfb1943aa2 sp=0x00000040750fd838 mode 2
Event: 104.644 Thread 0x000001bf844e9360 Uncommon trap: trap_request=0xffffff45 fr.pc=0x000001bfb252f4a8 relative=0x0000000000000788
Event: 104.644 Thread 0x000001bf844e9360 Uncommon trap: reason=unstable_if action=reinterpret pc=0x000001bfb252f4a8 method=lombok.core.configuration.FileSystemSourceCache.parseIfNeccesary(Llombok/core/configuration/ConfigurationFile;Llombok/core/configuration/ConfigurationParser;)Llombok/core/co
Event: 104.644 Thread 0x000001bf844e9360 DEOPT PACKING pc=0x000001bfb252f4a8 sp=0x00000040750fd8f0
Event: 104.644 Thread 0x000001bf844e9360 DEOPT UNPACKING pc=0x000001bfb1943aa2 sp=0x00000040750fd898 mode 2

Classes loaded (20 events):
Event: 102.555 Loading class java/util/regex/Pattern$Caret
Event: 102.555 Loading class java/util/regex/Pattern$Caret done
Event: 102.779 Loading class java/util/regex/Pattern$LazyLoop
Event: 102.779 Loading class java/util/regex/Pattern$LazyLoop done
Event: 103.205 Loading class java/util/concurrent/CompletableFuture$UniApply
Event: 103.205 Loading class java/util/concurrent/CompletableFuture$UniCompletion
Event: 103.205 Loading class java/util/concurrent/CompletableFuture$UniCompletion done
Event: 103.206 Loading class java/util/concurrent/CompletableFuture$UniApply done
Event: 103.207 Loading class java/util/concurrent/CompletableFuture$UniAccept
Event: 103.207 Loading class java/util/concurrent/CompletableFuture$UniAccept done
Event: 103.207 Loading class java/util/concurrent/CompletableFuture$UniExceptionally
Event: 103.208 Loading class java/util/concurrent/CompletableFuture$UniExceptionally done
Event: 103.887 Loading class java/util/Hashtable$ValueCollection
Event: 103.887 Loading class java/util/Hashtable$ValueCollection done
Event: 104.195 Loading class java/util/stream/ReduceOps$4
Event: 104.195 Loading class java/util/stream/ReduceOps$4 done
Event: 104.195 Loading class java/util/stream/ReduceOps$4ReducingSink
Event: 104.196 Loading class java/util/stream/ReduceOps$4ReducingSink done
Event: 104.198 Loading class java/nio/file/Files$2
Event: 104.198 Loading class java/nio/file/Files$2 done

Classes unloaded (9 events):
Event: 73.266 Thread 0x000001bfa72844e0 Unloading class 0x000001bfbd19cc00 'java/lang/invoke/LambdaForm$MH+0x000001bfbd19cc00'
Event: 73.266 Thread 0x000001bfa72844e0 Unloading class 0x000001bfbd19c800 'java/lang/invoke/LambdaForm$MH+0x000001bfbd19c800'
Event: 73.266 Thread 0x000001bfa72844e0 Unloading class 0x000001bfbd19c400 'java/lang/invoke/LambdaForm$MH+0x000001bfbd19c400'
Event: 73.266 Thread 0x000001bfa72844e0 Unloading class 0x000001bfbd19c000 'java/lang/invoke/LambdaForm$MH+0x000001bfbd19c000'
Event: 73.266 Thread 0x000001bfa72844e0 Unloading class 0x000001bfbd19bc00 'java/lang/invoke/LambdaForm$BMH+0x000001bfbd19bc00'
Event: 73.266 Thread 0x000001bfa72844e0 Unloading class 0x000001bfbd19b800 'java/lang/invoke/LambdaForm$DMH+0x000001bfbd19b800'
Event: 73.266 Thread 0x000001bfa72844e0 Unloading class 0x000001bfbd19a400 'java/lang/invoke/LambdaForm$DMH+0x000001bfbd19a400'
Event: 94.820 Thread 0x000001bfa72844e0 Unloading class 0x000001bfbd60d000 'java/lang/invoke/LambdaForm$DMH+0x000001bfbd60d000'
Event: 94.820 Thread 0x000001bfa72844e0 Unloading class 0x000001bfbd60cc00 'java/lang/invoke/LambdaForm$DMH+0x000001bfbd60cc00'

Classes redefined (0 events):
No events

Internal exceptions (20 events):
Event: 98.812 Thread 0x000001bffdbb7880 Exception <a 'java/lang/NoSuchMethodError'{0x00000000ead36c48}: static [J.<clinit>()V> (0x00000000ead36c48) 
thrown [s\src\hotspot\share\prims\jni.cpp, line 1111]
Event: 98.826 Thread 0x000001bffdbb7880 Exception <a 'sun/nio/fs/WindowsException'{0x00000000ead822f0}> (0x00000000ead822f0) 
thrown [s\src\hotspot\share\prims\jni.cpp, line 520]
Event: 98.827 Thread 0x000001bffdbb7880 Exception <a 'sun/nio/fs/WindowsException'{0x00000000ead837d0}> (0x00000000ead837d0) 
thrown [s\src\hotspot\share\prims\jni.cpp, line 520]
Event: 101.575 Thread 0x000001bffdbb71f0 Exception <a 'java/lang/NoSuchMethodError'{0x00000000eb2a83f0}: 'java.lang.Object java.lang.invoke.DirectMethodHandle$Holder.invokeStatic(java.lang.Object, java.lang.Object, int, java.lang.Object)'> (0x00000000eb2a83f0) 
thrown [s\src\hotspot\share\interpreter\linkResolver.cpp, line 773]
Event: 101.726 Thread 0x000001bffdbb7f10 Exception <a 'sun/nio/fs/WindowsException'{0x00000000eb973ea0}> (0x00000000eb973ea0) 
thrown [s\src\hotspot\share\prims\jni.cpp, line 520]
Event: 101.726 Thread 0x000001bffdbb7f10 Exception <a 'sun/nio/fs/WindowsException'{0x00000000eb9744f0}> (0x00000000eb9744f0) 
thrown [s\src\hotspot\share\prims\jni.cpp, line 520]
Event: 101.744 Thread 0x000001bffdbb7f10 Exception <a 'sun/nio/fs/WindowsException'{0x00000000eb9bacf0}> (0x00000000eb9bacf0) 
thrown [s\src\hotspot\share\prims\jni.cpp, line 520]
Event: 101.745 Thread 0x000001bffdbb7f10 Exception <a 'sun/nio/fs/WindowsException'{0x00000000eb9bb5f0}> (0x00000000eb9bb5f0) 
thrown [s\src\hotspot\share\prims\jni.cpp, line 520]
Event: 101.798 Thread 0x000001bffdbb7f10 Exception <a 'java/lang/NoSuchMethodError'{0x00000000ebb37760}: 'int java.lang.invoke.DirectMethodHandle$Holder.invokeStatic(java.lang.Object)'> (0x00000000ebb37760) 
thrown [s\src\hotspot\share\interpreter\linkResolver.cpp, line 773]
Event: 102.147 Thread 0x000001bffdbb7f10 Exception <a 'sun/nio/fs/WindowsException'{0x00000000ebbe7040}> (0x00000000ebbe7040) 
thrown [s\src\hotspot\share\prims\jni.cpp, line 520]
Event: 102.191 Thread 0x000001bf844e5850 Exception <a 'sun/nio/fs/WindowsException'{0x00000000eab36070}> (0x00000000eab36070) 
thrown [s\src\hotspot\share\prims\jni.cpp, line 520]
Event: 102.192 Thread 0x000001bf844e5850 Exception <a 'sun/nio/fs/WindowsException'{0x00000000eab372d0}> (0x00000000eab372d0) 
thrown [s\src\hotspot\share\prims\jni.cpp, line 520]
Event: 102.194 Thread 0x000001bf844e5850 Exception <a 'sun/nio/fs/WindowsException'{0x00000000eab3af98}> (0x00000000eab3af98) 
thrown [s\src\hotspot\share\prims\jni.cpp, line 520]
Event: 103.055 Thread 0x000001bffdbb57b0 Exception <a 'sun/nio/fs/WindowsException'{0x00000000eb5e4a50}> (0x00000000eb5e4a50) 
thrown [s\src\hotspot\share\prims\jni.cpp, line 520]
Event: 103.271 Thread 0x000001bffdbb7f10 Implicit null exception at 0x000001bfb2359525 to 0x000001bfb23598e0
Event: 103.857 Thread 0x000001bf844e7920 Exception <a 'java/lang/LinkageError'{0x00000000eb8d8018}: loader lombok.launch.ShadowClassLoader @76c45a50 attempted duplicate class definition for lombok.launch.PatchFixesHider$FieldInitializer. (lombok.launch.PatchFixesHider$FieldInitializer is in unnamed module of loader lombok.launch.ShadowClassLoader @76c45a50, parent loader org.eclipse.osgi.internal.loader.EquinoxClassLoader @636b8e5f)> (0x00000000eb8d8018) 
thrown [s\src\hotspot\share\classfile\systemDictionary.cpp, line 1682]
Event: 103.859 Thread 0x000001bf844e7fb0 Exception <a 'java/lang/LinkageError'{0x00000000eb90bd78}: loader lombok.launch.ShadowClassLoader @76c45a50 attempted duplicate class definition for lombok.launch.PatchFixesHider$FieldInitializer. (lombok.launch.PatchFixesHider$FieldInitializer is in unnamed module of loader lombok.launch.ShadowClassLoader @76c45a50, parent loader org.eclipse.osgi.internal.loader.EquinoxClassLoader @636b8e5f)> (0x00000000eb90bd78) 
thrown [s\src\hotspot\share\classfile\systemDictionary.cpp, line 1682]
Event: 103.860 Thread 0x000001bf844e8640 Exception <a 'java/lang/LinkageError'{0x00000000eb8e6050}: loader lombok.launch.ShadowClassLoader @76c45a50 attempted duplicate class definition for lombok.launch.PatchFixesHider$FieldInitializer. (lombok.launch.PatchFixesHider$FieldInitializer is in unnamed module of loader lombok.launch.ShadowClassLoader @76c45a50, parent loader org.eclipse.osgi.internal.loader.EquinoxClassLoader @636b8e5f)> (0x00000000eb8e6050) 
thrown [s\src\hotspot\share\classfile\systemDictionary.cpp, line 1682]
Event: 103.978 Thread 0x000001bffdbb7f10 Exception <a 'java/lang/NoSuchMethodError'{0x00000000eabf2828}: 'java.lang.Object java.lang.invoke.DirectMethodHandle$Holder.invokeStatic(java.lang.Object, java.lang.Object, int, int)'> (0x00000000eabf2828) 
thrown [s\src\hotspot\share\interpreter\linkResolver.cpp, line 773]
Event: 103.978 Thread 0x000001bffdbb7f10 Exception <a 'java/lang/NoSuchMethodError'{0x00000000eabf6c28}: 'java.lang.Object java.lang.invoke.DirectMethodHandle$Holder.invokeSpecial(java.lang.Object, java.lang.Object, java.lang.Object, int, int)'> (0x00000000eabf6c28) 
thrown [s\src\hotspot\share\interpreter\linkResolver.cpp, line 773]

ZGC Phase Switch (0 events):
No events

VM Operations (20 events):
Event: 101.807 Executing VM operation: HandshakeAllThreads (Deoptimize)
Event: 101.808 Executing VM operation: HandshakeAllThreads (Deoptimize) done
Event: 101.872 Executing VM operation: ParallelGCFailedAllocation (Allocation Failure)
Event: 101.876 Executing VM operation: ParallelGCFailedAllocation (Allocation Failure) done
Event: 102.176 Executing VM operation: ParallelGCFailedAllocation (Allocation Failure)
Event: 102.187 Executing VM operation: ParallelGCFailedAllocation (Allocation Failure) done
Event: 102.409 Executing VM operation: ParallelGCFailedAllocation (Allocation Failure)
Event: 102.412 Executing VM operation: ParallelGCFailedAllocation (Allocation Failure) done
Event: 102.789 Executing VM operation: HandshakeAllThreads (Deoptimize)
Event: 102.789 Executing VM operation: HandshakeAllThreads (Deoptimize) done
Event: 103.173 Executing VM operation: ParallelGCFailedAllocation (Allocation Failure)
Event: 103.176 Executing VM operation: ParallelGCFailedAllocation (Allocation Failure) done
Event: 103.395 Executing VM operation: HandshakeAllThreads (Deoptimize)
Event: 103.827 Executing VM operation: HandshakeAllThreads (Deoptimize) done
Event: 103.830 Executing VM operation: HandshakeAllThreads (Deoptimize)
Event: 103.879 Executing VM operation: HandshakeAllThreads (Deoptimize) done
Event: 103.948 Executing VM operation: ParallelGCFailedAllocation (Allocation Failure)
Event: 103.953 Executing VM operation: ParallelGCFailedAllocation (Allocation Failure) done
Event: 104.531 Executing VM operation: ParallelGCFailedAllocation (Allocation Failure)
Event: 104.546 Executing VM operation: ParallelGCFailedAllocation (Allocation Failure) done

Memory protections (0 events):
No events

Nmethod flushes (20 events):
Event: 94.858 Thread 0x000001bfa72844e0 flushing  nmethod 0x000001bfaacd5290
Event: 94.858 Thread 0x000001bfa72844e0 flushing  nmethod 0x000001bfaace2890
Event: 94.858 Thread 0x000001bfa72844e0 flushing  nmethod 0x000001bfaacea990
Event: 94.858 Thread 0x000001bfa72844e0 flushing  nmethod 0x000001bfaaceca90
Event: 94.858 Thread 0x000001bfa72844e0 flushing  nmethod 0x000001bfaacee090
Event: 94.858 Thread 0x000001bfa72844e0 flushing  nmethod 0x000001bfaacef010
Event: 94.858 Thread 0x000001bfa72844e0 flushing  nmethod 0x000001bfaacef610
Event: 94.858 Thread 0x000001bfa72844e0 flushing  nmethod 0x000001bfaacefe90
Event: 94.858 Thread 0x000001bfa72844e0 flushing  nmethod 0x000001bfaacf3390
Event: 94.858 Thread 0x000001bfa72844e0 flushing  nmethod 0x000001bfaacf3a90
Event: 94.858 Thread 0x000001bfa72844e0 flushing  nmethod 0x000001bfaacf5990
Event: 94.858 Thread 0x000001bfa72844e0 flushing  nmethod 0x000001bfaad32210
Event: 94.858 Thread 0x000001bfa72844e0 flushing  nmethod 0x000001bfaad45510
Event: 94.858 Thread 0x000001bfa72844e0 flushing  nmethod 0x000001bfaad46610
Event: 94.858 Thread 0x000001bfa72844e0 flushing  nmethod 0x000001bfaad49190
Event: 94.858 Thread 0x000001bfa72844e0 flushing  nmethod 0x000001bfaad4f910
Event: 94.858 Thread 0x000001bfa72844e0 flushing  nmethod 0x000001bfaad6c090
Event: 94.858 Thread 0x000001bfa72844e0 flushing  nmethod 0x000001bfaad73910
Event: 94.858 Thread 0x000001bfa72844e0 flushing  nmethod 0x000001bfaad95890
Event: 94.858 Thread 0x000001bfa72844e0 flushing  nmethod 0x000001bfaad99090

Events (20 events):
Event: 93.750 Thread 0x000001bffe846060 Thread exited: 0x000001bffe846060
Event: 94.329 Thread 0x000001bfbb4fc590 Thread added: 0x000001bffe846730
Event: 98.012 Thread 0x000001bffdbb7f10 Thread added: 0x000001bf844e3780
Event: 98.013 Thread 0x000001bf844e3780 Thread exited: 0x000001bf844e3780
Event: 98.611 Thread 0x000001bffdbb7880 Thread added: 0x000001bf844e7290
Event: 98.632 Thread 0x000001bf844e7290 Thread exited: 0x000001bf844e7290
Event: 100.261 Thread 0x000001bffe846730 Thread exited: 0x000001bffe846730
Event: 101.954 Thread 0x000001bfbb56d200 Thread added: 0x000001bffe849db0
Event: 102.153 Thread 0x000001bffdbb7f10 Thread added: 0x000001bf844e5850
Event: 102.191 Thread 0x000001bf844e5850 Thread added: 0x000001bf844e4b30
Event: 102.193 Thread 0x000001bf844e5850 Thread added: 0x000001bf844e99f0
Event: 102.312 Thread 0x000001bffdbb7f10 Thread added: 0x000001bf844e6c00
Event: 102.312 Thread 0x000001bffdbb7f10 Thread added: 0x000001bf844e3780
Event: 102.927 Thread 0x000001bffe849db0 Thread exited: 0x000001bffe849db0
Event: 103.207 Thread 0x000001bf844e9360 Thread added: 0x000001bf844e7920
Event: 103.214 Thread 0x000001bf844e9360 Thread added: 0x000001bf844e7fb0
Event: 103.224 Thread 0x000001bf844e7fb0 Thread added: 0x000001bf844e8640
Event: 103.278 Thread 0x000001bfbb56d200 Thread added: 0x000001bffe846e00
Event: 103.836 Thread 0x000001bffe846e00 Thread exited: 0x000001bffe846e00
Event: 104.048 Thread 0x000001bfbb56d200 Thread added: 0x000001bffe84b8f0


Dynamic libraries:
0x00007ff742e20000 - 0x00007ff742e2e000 	c:\Users\HP\.windsurf\extensions\redhat.java-1.41.1-win32-x64\jre\21.0.6-win32-x86_64\bin\java.exe
0x00007ffdbdfb0000 - 0x00007ffdbe1a8000 	C:\Windows\SYSTEM32\ntdll.dll
0x00007ffdbdea0000 - 0x00007ffdbdf62000 	C:\Windows\System32\KERNEL32.DLL
0x00007ffdbb690000 - 0x00007ffdbb986000 	C:\Windows\System32\KERNELBASE.dll
0x00007ffdbbd30000 - 0x00007ffdbbe30000 	C:\Windows\System32\ucrtbase.dll
0x00007ffd7ad50000 - 0x00007ffd7ad68000 	c:\Users\HP\.windsurf\extensions\redhat.java-1.41.1-win32-x64\jre\21.0.6-win32-x86_64\bin\jli.dll
0x00007ffdbdb80000 - 0x00007ffdbdd1d000 	C:\Windows\System32\USER32.dll
0x00007ffdbbfa0000 - 0x00007ffdbbfc2000 	C:\Windows\System32\win32u.dll
0x00007ffdbd6b0000 - 0x00007ffdbd6db000 	C:\Windows\System32\GDI32.dll
0x00007ffdbbaf0000 - 0x00007ffdbbc0a000 	C:\Windows\System32\gdi32full.dll
0x00007ffdbbc10000 - 0x00007ffdbbcad000 	C:\Windows\System32\msvcp_win.dll
0x00007ffd44340000 - 0x00007ffd4435e000 	c:\Users\HP\.windsurf\extensions\redhat.java-1.41.1-win32-x64\jre\21.0.6-win32-x86_64\bin\VCRUNTIME140.dll
0x00007ffda2120000 - 0x00007ffda23ba000 	C:\Windows\WinSxS\amd64_microsoft.windows.common-controls_6595b64144ccf1df_6.0.19041.4355_none_60b8b9eb71f62e16\COMCTL32.dll
0x00007ffdbcd20000 - 0x00007ffdbcdbe000 	C:\Windows\System32\msvcrt.dll
0x00007ffdbcdc0000 - 0x00007ffdbcdef000 	C:\Windows\System32\IMM32.DLL
0x00007ffd79470000 - 0x00007ffd7947c000 	c:\Users\HP\.windsurf\extensions\redhat.java-1.41.1-win32-x64\jre\21.0.6-win32-x86_64\bin\vcruntime140_1.dll
0x00007ffd343f0000 - 0x00007ffd3447d000 	c:\Users\HP\.windsurf\extensions\redhat.java-1.41.1-win32-x64\jre\21.0.6-win32-x86_64\bin\msvcp140.dll
0x00007ffcd0ec0000 - 0x00007ffcd1c50000 	c:\Users\HP\.windsurf\extensions\redhat.java-1.41.1-win32-x64\jre\21.0.6-win32-x86_64\bin\server\jvm.dll
0x00007ffdbcb90000 - 0x00007ffdbcc3f000 	C:\Windows\System32\ADVAPI32.dll
0x00007ffdbda50000 - 0x00007ffdbdaef000 	C:\Windows\System32\sechost.dll
0x00007ffdbd790000 - 0x00007ffdbd8b3000 	C:\Windows\System32\RPCRT4.dll
0x00007ffdbbec0000 - 0x00007ffdbbee7000 	C:\Windows\System32\bcrypt.dll
0x00007ffdbd560000 - 0x00007ffdbd5cb000 	C:\Windows\System32\WS2_32.dll
0x00007ffdbb4a0000 - 0x00007ffdbb4eb000 	C:\Windows\SYSTEM32\POWRPROF.dll
0x00007ffda2dc0000 - 0x00007ffda2de7000 	C:\Windows\SYSTEM32\WINMM.dll
0x00007ffdae9e0000 - 0x00007ffdae9ea000 	C:\Windows\SYSTEM32\VERSION.dll
0x00007ffdbb480000 - 0x00007ffdbb492000 	C:\Windows\SYSTEM32\UMPDC.dll
0x00007ffdb9e20000 - 0x00007ffdb9e32000 	C:\Windows\SYSTEM32\kernel.appcore.dll
0x00007ffd7ad70000 - 0x00007ffd7ad7a000 	c:\Users\HP\.windsurf\extensions\redhat.java-1.41.1-win32-x64\jre\21.0.6-win32-x86_64\bin\jimage.dll
0x00007ffdb9450000 - 0x00007ffdb9634000 	C:\Windows\SYSTEM32\DBGHELP.DLL
0x00007ffd90bb0000 - 0x00007ffd90be4000 	C:\Windows\SYSTEM32\dbgcore.DLL
0x00007ffdbbe30000 - 0x00007ffdbbeb2000 	C:\Windows\System32\bcryptPrimitives.dll
0x00007ffd5b390000 - 0x00007ffd5b39f000 	c:\Users\HP\.windsurf\extensions\redhat.java-1.41.1-win32-x64\jre\21.0.6-win32-x86_64\bin\instrument.dll
0x00007ffd3faf0000 - 0x00007ffd3fb0f000 	c:\Users\HP\.windsurf\extensions\redhat.java-1.41.1-win32-x64\jre\21.0.6-win32-x86_64\bin\java.dll
0x00007ffdbcdf0000 - 0x00007ffdbd55f000 	C:\Windows\System32\SHELL32.dll
0x00007ffdb9640000 - 0x00007ffdb9de3000 	C:\Windows\SYSTEM32\windows.storage.dll
0x00007ffdbbfd0000 - 0x00007ffdbc325000 	C:\Windows\System32\combase.dll
0x00007ffdbaec0000 - 0x00007ffdbaeeb000 	C:\Windows\SYSTEM32\Wldp.dll
0x00007ffdbdd20000 - 0x00007ffdbdded000 	C:\Windows\System32\OLEAUT32.dll
0x00007ffdbddf0000 - 0x00007ffdbde9d000 	C:\Windows\System32\SHCORE.dll
0x00007ffdbd650000 - 0x00007ffdbd6a5000 	C:\Windows\System32\shlwapi.dll
0x00007ffdbb570000 - 0x00007ffdbb595000 	C:\Windows\SYSTEM32\profapi.dll
0x00007ffd3efb0000 - 0x00007ffd3efc8000 	c:\Users\HP\.windsurf\extensions\redhat.java-1.41.1-win32-x64\jre\21.0.6-win32-x86_64\bin\zip.dll
0x00007ffd49a00000 - 0x00007ffd49a10000 	C:\Users\HP\.windsurf\extensions\redhat.java-1.41.1-win32-x64\jre\21.0.6-win32-x86_64\bin\net.dll
0x00007ffdb1020000 - 0x00007ffdb112a000 	C:\Windows\SYSTEM32\WINHTTP.dll
0x00007ffdbaca0000 - 0x00007ffdbad0c000 	C:\Windows\system32\mswsock.dll
0x00007ffd3e730000 - 0x00007ffd3e746000 	C:\Users\HP\.windsurf\extensions\redhat.java-1.41.1-win32-x64\jre\21.0.6-win32-x86_64\bin\nio.dll
0x00007ffd48ae0000 - 0x00007ffd48af0000 	c:\Users\HP\.windsurf\extensions\redhat.java-1.41.1-win32-x64\jre\21.0.6-win32-x86_64\bin\verify.dll
0x00007ffd34340000 - 0x00007ffd34385000 	C:\Users\HP\AppData\Roaming\Windsurf\User\globalStorage\redhat.java\1.41.1\config_win\org.eclipse.equinox.launcher\org.eclipse.equinox.launcher.win32.win32.x86_64_1.2.1300.v20250331-1702\eclipse_11911.dll
0x00007ffdbca60000 - 0x00007ffdbcb8b000 	C:\Windows\System32\ole32.dll
0x00007ffd87c60000 - 0x00007ffd87c6a000 	C:\Users\HP\.windsurf\extensions\redhat.java-1.41.1-win32-x64\jre\21.0.6-win32-x86_64\bin\management.dll
0x00007ffd7adb0000 - 0x00007ffd7adbb000 	C:\Users\HP\.windsurf\extensions\redhat.java-1.41.1-win32-x64\jre\21.0.6-win32-x86_64\bin\management_ext.dll
0x00007ffdbc390000 - 0x00007ffdbc398000 	C:\Windows\System32\PSAPI.DLL
0x00007ffdbaf00000 - 0x00007ffdbaf18000 	C:\Windows\SYSTEM32\CRYPTSP.dll
0x00007ffdba5e0000 - 0x00007ffdba618000 	C:\Windows\system32\rsaenh.dll
0x00007ffdbb4f0000 - 0x00007ffdbb51e000 	C:\Windows\SYSTEM32\USERENV.dll
0x00007ffdbae30000 - 0x00007ffdbae3c000 	C:\Windows\SYSTEM32\CRYPTBASE.dll
0x00007ffdba9a0000 - 0x00007ffdba9db000 	C:\Windows\SYSTEM32\IPHLPAPI.DLL
0x00007ffdbda40000 - 0x00007ffdbda48000 	C:\Windows\System32\NSI.dll
0x00007ffd342f0000 - 0x00007ffd34339000 	C:\Users\HP\AppData\Local\Temp\jna-2312\jna15791221003869525568.dll
0x00007ffdb1840000 - 0x00007ffdb1857000 	C:\Windows\SYSTEM32\dhcpcsvc6.DLL
0x00007ffdb1810000 - 0x00007ffdb182d000 	C:\Windows\SYSTEM32\dhcpcsvc.DLL
0x00007ffd87c70000 - 0x00007ffd87c7e000 	C:\Users\HP\.windsurf\extensions\redhat.java-1.41.1-win32-x64\jre\21.0.6-win32-x86_64\bin\sunmscapi.dll
0x00007ffdbb990000 - 0x00007ffdbbaed000 	C:\Windows\System32\CRYPT32.dll
0x00007ffdbb010000 - 0x00007ffdbb037000 	C:\Windows\SYSTEM32\ncrypt.dll
0x00007ffdbafd0000 - 0x00007ffdbb00b000 	C:\Windows\SYSTEM32\NTASN1.dll
0x00007ffdba9e0000 - 0x00007ffdbaaaa000 	C:\Windows\SYSTEM32\DNSAPI.dll
0x00007ffda6c30000 - 0x00007ffda6c3a000 	C:\Windows\System32\rasadhlp.dll
0x00007ffdb0990000 - 0x00007ffdb0a10000 	C:\Windows\System32\fwpuclnt.dll
0x00007ffd7ada0000 - 0x00007ffd7ada9000 	C:\Users\HP\.windsurf\extensions\redhat.java-1.41.1-win32-x64\jre\21.0.6-win32-x86_64\bin\extnet.dll

dbghelp: loaded successfully - version: 4.0.5 - missing functions: none
symbol engine: initialized successfully - sym options: 0x614 - pdb path: .;c:\Users\HP\.windsurf\extensions\redhat.java-1.41.1-win32-x64\jre\21.0.6-win32-x86_64\bin;C:\Windows\SYSTEM32;C:\Windows\WinSxS\amd64_microsoft.windows.common-controls_6595b64144ccf1df_6.0.19041.4355_none_60b8b9eb71f62e16;c:\Users\HP\.windsurf\extensions\redhat.java-1.41.1-win32-x64\jre\21.0.6-win32-x86_64\bin\server;C:\Users\HP\AppData\Roaming\Windsurf\User\globalStorage\redhat.java\1.41.1\config_win\org.eclipse.equinox.launcher\org.eclipse.equinox.launcher.win32.win32.x86_64_1.2.1300.v20250331-1702;C:\Users\HP\AppData\Local\Temp\jna-2312

VM Arguments:
jvm_args: --add-modules=ALL-SYSTEM --add-opens=java.base/java.util=ALL-UNNAMED --add-opens=java.base/java.lang=ALL-UNNAMED --add-opens=java.base/sun.nio.fs=ALL-UNNAMED -Declipse.application=org.eclipse.jdt.ls.core.id1 -Dosgi.bundles.defaultStartLevel=4 -Declipse.product=org.eclipse.jdt.ls.core.product -Djava.import.generatesMetadataFilesAtProjectRoot=false -DDetectVMInstallationsJob.disabled=true -Dfile.encoding=utf8 -XX:+UseParallelGC -XX:GCTimeRatio=4 -XX:AdaptiveSizePolicyWeight=90 -Dsun.zip.disableMemoryMapping=true -Xmx1G -Xms100m -Xlog:disable -javaagent:c:\Users\HP\.windsurf\extensions\redhat.java-1.41.1-win32-x64\lombok\lombok-1.18.36.jar -XX:+HeapDumpOnOutOfMemoryError -XX:HeapDumpPath=c:\Users\HP\AppData\Roaming\Windsurf\User\workspaceStorage\2ea67a812507b6f8bdb789a5b90a8873\redhat.java -Daether.dependencyCollector.impl=bf 
java_command: c:\Users\HP\.windsurf\extensions\redhat.java-1.41.1-win32-x64\server\plugins\org.eclipse.equinox.launcher_1.7.0.v20250331-1702.jar -configuration c:\Users\HP\AppData\Roaming\Windsurf\User\globalStorage\redhat.java\1.41.1\config_win -data c:\Users\HP\AppData\Roaming\Windsurf\User\workspaceStorage\2ea67a812507b6f8bdb789a5b90a8873\redhat.java\jdt_ws --pipe=\\.\pipe\lsp-baf5c82b6bdf8cbd56c85ed07f084be3-sock
java_class_path (initial): c:\Users\HP\.windsurf\extensions\redhat.java-1.41.1-win32-x64\server\plugins\org.eclipse.equinox.launcher_1.7.0.v20250331-1702.jar
Launcher Type: SUN_STANDARD

[Global flags]
    uintx AdaptiveSizePolicyWeight                 = 90                                        {product} {command line}
     intx CICompilerCount                          = 3                                         {product} {ergonomic}
    uintx GCTimeRatio                              = 4                                         {product} {command line}
     bool HeapDumpOnOutOfMemoryError               = true                                   {manageable} {command line}
    ccstr HeapDumpPath                             = c:\Users\HP\AppData\Roaming\Windsurf\User\workspaceStorage\2ea67a812507b6f8bdb789a5b90a8873\redhat.java         {manageable} {command line}
   size_t InitialHeapSize                          = 104857600                                 {product} {command line}
   size_t MaxHeapSize                              = 1073741824                                {product} {command line}
   size_t MaxNewSize                               = 357564416                                 {product} {ergonomic}
   size_t MinHeapDeltaBytes                        = 524288                                    {product} {ergonomic}
   size_t MinHeapSize                              = 104857600                                 {product} {command line}
   size_t NewSize                                  = 34603008                                  {product} {ergonomic}
    uintx NonNMethodCodeHeapSize                   = 5832780                                {pd product} {ergonomic}
    uintx NonProfiledCodeHeapSize                  = 122912730                              {pd product} {ergonomic}
   size_t OldSize                                  = 70254592                                  {product} {ergonomic}
    uintx ProfiledCodeHeapSize                     = 122912730                              {pd product} {ergonomic}
    uintx ReservedCodeCacheSize                    = 251658240                              {pd product} {ergonomic}
     bool SegmentedCodeCache                       = true                                      {product} {ergonomic}
   size_t SoftMaxHeapSize                          = 1073741824                             {manageable} {ergonomic}
     bool UseCompressedOops                        = true                           {product lp64_product} {ergonomic}
     bool UseLargePagesIndividualAllocation        = false                                  {pd product} {ergonomic}
     bool UseParallelGC                            = true                                      {product} {command line}

Logging:
Log output configuration:
 #0: stdout all=off uptime,level,tags foldmultilines=false
 #1: stderr all=off uptime,level,tags foldmultilines=false

Environment Variables:
JAVA_HOME=C:\Program Files\Java\jdk-17.0.14
PATH=C:\Python38\Scripts\;C:\Python38\;C:\Python39\Scripts\;C:\Python39\;C:\Users\HP\AppData\Local\Programs\Python\Python310\Scripts\;C:\Users\HP\AppData\Local\Programs\Python\Python310\;C:\Python313\Scripts\;C:\Python313\;C:\Program Files\Common Files\Oracle\Java\javapath;C:\Program Files (x86)\Common Files\Oracle\Java\java8path;C:\Program Files (x86)\Common Files\Oracle\Java\javapath;C:\Program Files (x86)\VMware\VMware Workstation\bin\;C:\app\HP\product\21c\dbhomeXE\bin;C:\Windows\system32;C:\Windows;C:\Windows\System32\Wbem;C:\Windows\System32\WindowsPowerShell\v1.0\;C:\Windows\System32\OpenSSH\;C:\Program Files\Java\jdk-21\bin;Bureau;C:\Users\HP\OneDrive\Desktop\Power_Point\creater;C:\ProgramData\chocolatey\bin;C:\Program Files\dotnet\;C:\Program Files\Microsoft SQL Server\150\Tools\Binn\;C:\Program Files\OpenJDK\jdk-21.0.2\bin;C:\Program Files\Git\cmd;C:\xampp\php;C:\ProgramData\ComposerSetup\bin;C:\xampp\php\PEAR;C:\Users\HP\OneDrive\Desktop\sqlite\sqlite3.exe;gg;C:\Program Files\nodejs;gg;C:\Program Files\nodejs;C:\Program Files\Docker\Docker\resources\bin;C:\Program Files (x86)\Maven\apache-maven-3.9.9\bin;C:\Program Files\Microsoft SQL Server\Client SDK\ODBC\170\Tools\Binn\;C:\Users\HP\AppData\Roaming\npm\node_modules;C:\Users\HP\AppData\Roaming\npm;C:\Program Files\nodejs\;C:\Python38\Scripts\;C:\Python38\;C:\Python39\Scripts\;C:\Python39\;C:\Users\HP\AppData\Local\Programs\Python\Python310\Scripts\;C:\Users\HP\AppData\Local\Programs\Python\Python310\;C:\Python313\Scripts\;C:\Python313\;C:\Program Files\Common Files\Oracle\Java\javapath;C:\Program Files (x86)\Common Files\Oracle\Java\java8path;C:\Program Files (x86)\Common Files\Oracle\Java\javapath;C:\Program Files (x86)\VMware\VMware Workstation\bin\;C:\app\HP\product\21c\dbhomeXE\bin;C:\Windows\system32;C:\Windows;C:\Windows\System32\Wbem;C:\Windows\System32\WindowsPowerShell\v1.0\;C:\Windows\System32\OpenSSH\;C:\Program Files\Java\jdk-21\bin;Bureau;C:\Users\HP\OneDrive\Desktop\Power_Point\creater;C:\ProgramData\chocolatey\bin;C:\Program Files\dotnet\;C:\Program Files\Microsoft SQL Server\150\Tools\Binn\;C:\Program Files\OpenJDK\jdk-21.0.2\bin;C:\Program Files\Git\cmd;C:\xampp\php;C:\ProgramData\ComposerSetup\bin;C:\xampp\php\PEAR;C:\Users\HP\OneDrive\Desktop\sqlite\sqlite3.exe;gg;C:\Program Files\nodejs;gg;C:\Program Files\;C:\Users\HP\AppData\Local\Programs\Microsoft VS Code\bin;C:\Users\HP\AppData\Local\Programs\Windsurf\bin;C:\Users\HP\AppData\Roaming\npm
USERNAME=HP
OS=Windows_NT
PROCESSOR_IDENTIFIER=Intel64 Family 6 Model 78 Stepping 3, GenuineIntel
TMP=C:\Users\HP\AppData\Local\Temp
TEMP=C:\Users\HP\AppData\Local\Temp




Periodic native trim disabled

---------------  S Y S T E M  ---------------

OS:
 Windows 10 , 64 bit Build 19041 (10.0.19041.5678)
OS uptime: 1 days 4:35 hours
Hyper-V role detected

CPU: total 4 (initial active 4) (2 cores per cpu, 2 threads per core) family 6 model 78 stepping 3 microcode 0xcc, cx8, cmov, fxsr, ht, mmx, 3dnowpref, sse, sse2, sse3, ssse3, sse4.1, sse4.2, popcnt, lzcnt, tsc, tscinvbit, avx, avx2, aes, erms, clmul, bmi1, bmi2, adx, fma, vzeroupper, clflush, clflushopt, hv, rdtscp, f16c
Processor Information for the first 4 processors :
  Max Mhz: 2400, Current Mhz: 2300, Mhz Limit: 2280

Memory: 4k page, system-wide physical 16264M (2544M free)
TotalPageFile size 22115M (AvailPageFile size 0M)
current process WorkingSet (physical memory assigned to process): 311M, peak: 311M
current process commit charge ("private bytes"): 348M, peak: 348M

vm_info: OpenJDK 64-Bit Server VM (21.0.6+7-LTS) for windows-amd64 JRE (21.0.6+7-LTS), built on 2025-01-21T00:00:00Z by "admin" with MS VC++ 17.7 (VS2022)

END.
